0 info it worked if it ends with ok
1 verbose cli [ '/usr/local/bin/node',
1 verbose cli   '/usr/local/bin/npm',
1 verbose cli   'run',
1 verbose cli   'test',
1 verbose cli   '--no-cache' ]
2 info using npm@6.2.0
3 info using node@v8.11.3
4 verbose run-script [ 'pretest', 'test', 'posttest' ]
5 info lifecycle the-onen@0.0.2~pretest: the-onen@0.0.2
6 info lifecycle the-onen@0.0.2~test: the-onen@0.0.2
7 verbose lifecycle the-onen@0.0.2~test: unsafe-perm in lifecycle true
8 verbose lifecycle the-onen@0.0.2~test: PATH: /usr/local/lib/node_modules/npm/node_modules/npm-lifecycle/node-gyp-bin:/Users/frogwucx/workspace/the-one/node_modules/.bin:/Users/frogwucx/Users/frogwucx/local:/usr/local/bin:/usr/bin:/bin:/usr/sbin:/sbin:.
9 verbose lifecycle the-onen@0.0.2~test: CWD: /Users/frogwucx/workspace/the-one
10 silly lifecycle the-onen@0.0.2~test: Args: [ '-c',
10 silly lifecycle   'parcel build test/* --no-cache --no-minify && karma start --single-run' ]
11 silly lifecycle the-onen@0.0.2~test: Returned: code: 1  signal: null
12 info lifecycle the-onen@0.0.2~test: Failed to exec test script
13 verbose stack Error: the-onen@0.0.2 test: `parcel build test/* --no-cache --no-minify && karma start --single-run`
13 verbose stack Exit status 1
13 verbose stack     at EventEmitter.<anonymous> (/usr/local/lib/node_modules/npm/node_modules/npm-lifecycle/index.js:304:16)
13 verbose stack     at emitTwo (events.js:126:13)
13 verbose stack     at EventEmitter.emit (events.js:214:7)
13 verbose stack     at ChildProcess.<anonymous> (/usr/local/lib/node_modules/npm/node_modules/npm-lifecycle/lib/spawn.js:55:14)
13 verbose stack     at emitTwo (events.js:126:13)
13 verbose stack     at ChildProcess.emit (events.js:214:7)
13 verbose stack     at maybeClose (internal/child_process.js:925:16)
13 verbose stack     at Process.ChildProcess._handle.onexit (internal/child_process.js:209:5)
14 verbose pkgid the-onen@0.0.2
15 verbose cwd /Users/frogwucx/workspace/the-one
16 verbose Darwin 17.7.0
17 verbose argv "/usr/local/bin/node" "/usr/local/bin/npm" "run" "test" "--no-cache"
18 verbose node v8.11.3
19 verbose npm  v6.2.0
20 error code ELIFECYCLE
21 error errno 1
22 error the-onen@0.0.2 test: `parcel build test/* --no-cache --no-minify && karma start --single-run`
22 error Exit status 1
23 error Failed at the the-onen@0.0.2 test script.
23 error This is probably not a problem with npm. There is likely additional logging output above.
24 verbose exit [ 1, true ]
